2020-01-04 22:57:27
Full thread dump OpenJDK 64-Bit Server VM (25.222-b10 mixed mode):

"Attach Listener" #14 daemon prio=9 os_prio=31 tid=0x00007fb948855800 nid=0xa807 waiting on condition [0x0000000000000000]
   java.lang.Thread.State: RUNNABLE

   Locked ownable synchronizers:
	- None

"DestroyJavaVM" #13 prio=5 os_prio=31 tid=0x00007fb94896c000 nid=0x2603 waiting on condition [0x0000000000000000]
   java.lang.Thread.State: RUNNABLE

   Locked ownable synchronizers:
	- None

"JPS event loop" #10 prio=5 os_prio=31 tid=0x00007fb94b89d000 nid=0x5803 runnable [0x000070000722a000]
   java.lang.Thread.State: RUNNABLE
	at sun.nio.ch.KQueueArrayWrapper.kevent0(Native Method)
	at sun.nio.ch.KQueueArrayWrapper.poll(KQueueArrayWrapper.java:198)
	at sun.nio.ch.KQueueSelectorImpl.doSelect(KQueueSelectorImpl.java:117)
	at sun.nio.ch.SelectorImpl.lockAndDoSelect(SelectorImpl.java:86)
	- locked <0x0000000794424768> (a io.netty.channel.nio.SelectedSelectionKeySet)
	- locked <0x0000000794424780> (a java.util.Collections$UnmodifiableSet)
	- locked <0x0000000794424718> (a sun.nio.ch.KQueueSelectorImpl)
	at sun.nio.ch.SelectorImpl.select(SelectorImpl.java:97)
	at io.netty.channel.nio.SelectedSelectionKeySetSelector.select(SelectedSelectionKeySetSelector.java:62)
	at io.netty.channel.nio.NioEventLoop.select(NioEventLoop.java:806)
	at io.netty.channel.nio.NioEventLoop.run(NioEventLoop.java:454)
	at io.netty.util.concurrent.SingleThreadEventExecutor$5.run(SingleThreadEventExecutor.java:918)
	at io.netty.util.internal.ThreadExecutorMap$2.run(ThreadExecutorMap.java:74)
	at java.lang.Thread.run(Thread.java:748)

   Locked ownable synchronizers:
	- None

"Service Thread" #9 daemon prio=9 os_prio=31 tid=0x00007fb94d014800 nid=0x5503 runnable [0x0000000000000000]
   java.lang.Thread.State: RUNNABLE

   Locked ownable synchronizers:
	- None

"C1 CompilerThread3" #8 daemon prio=9 os_prio=31 tid=0x00007fb94d009800 nid=0x4403 waiting on condition [0x0000000000000000]
   java.lang.Thread.State: RUNNABLE

   Locked ownable synchronizers:
	- None

"C2 CompilerThread2" #7 daemon prio=9 os_prio=31 tid=0x00007fb94a004000 nid=0x4103 waiting on condition [0x0000000000000000]
   java.lang.Thread.State: RUNNABLE

   Locked ownable synchronizers:
	- None

"C2 CompilerThread1" #6 daemon prio=9 os_prio=31 tid=0x00007fb949031800 nid=0x3f03 waiting on condition [0x0000000000000000]
   java.lang.Thread.State: RUNNABLE

   Locked ownable synchronizers:
	- None

"C2 CompilerThread0" #5 daemon prio=9 os_prio=31 tid=0x00007fb948827000 nid=0x3e03 waiting on condition [0x0000000000000000]
   java.lang.Thread.State: RUNNABLE

   Locked ownable synchronizers:
	- None

"Signal Dispatcher" #4 daemon prio=9 os_prio=31 tid=0x00007fb948812800 nid=0x4603 runnable [0x0000000000000000]
   java.lang.Thread.State: RUNNABLE

   Locked ownable synchronizers:
	- None

"Finalizer" #3 daemon prio=8 os_prio=31 tid=0x00007fb94800c800 nid=0x3703 in Object.wait() [0x0000700006a12000]
   java.lang.Thread.State: WAITING (on object monitor)
	at java.lang.Object.wait(Native Method)
	- waiting on <0x00000007944249e0> (a java.lang.ref.ReferenceQueue$Lock)
	at java.lang.ref.ReferenceQueue.remove(ReferenceQueue.java:144)
	- locked <0x00000007944249e0> (a java.lang.ref.ReferenceQueue$Lock)
	at java.lang.ref.ReferenceQueue.remove(ReferenceQueue.java:165)
	at java.lang.ref.Finalizer$FinalizerThread.run(Finalizer.java:216)

   Locked ownable synchronizers:
	- None

"Reference Handler" #2 daemon prio=10 os_prio=31 tid=0x00007fb948000000 nid=0x3503 in Object.wait() [0x000070000690f000]
   java.lang.Thread.State: WAITING (on object monitor)
	at java.lang.Object.wait(Native Method)
	- waiting on <0x00000007944442f8> (a java.lang.ref.Reference$Lock)
	at java.lang.Object.wait(Object.java:502)
	at java.lang.ref.Reference.tryHandlePending(Reference.java:191)
	- locked <0x00000007944442f8> (a java.lang.ref.Reference$Lock)
	at java.lang.ref.Reference$ReferenceHandler.run(Reference.java:153)

   Locked ownable synchronizers:
	- None

"VM Thread" os_prio=31 tid=0x00007fb94d80a000 nid=0x3303 runnable 

"GC task thread#0 (ParallelGC)" os_prio=31 tid=0x00007fb94b80b000 nid=0x1a07 runnable 

"GC task thread#1 (ParallelGC)" os_prio=31 tid=0x00007fb94b80b800 nid=0x2a03 runnable 

"GC task thread#2 (ParallelGC)" os_prio=31 tid=0x00007fb94c000000 nid=0x2c03 runnable 

"GC task thread#3 (ParallelGC)" os_prio=31 tid=0x00007fb94c800000 nid=0x5403 runnable 

"GC task thread#4 (ParallelGC)" os_prio=31 tid=0x00007fb94a001800 nid=0x5303 runnable 

"GC task thread#5 (ParallelGC)" os_prio=31 tid=0x00007fb94a002000 nid=0x5103 runnable 

"GC task thread#6 (ParallelGC)" os_prio=31 tid=0x00007fb94b005000 nid=0x2f03 runnable 

"GC task thread#7 (ParallelGC)" os_prio=31 tid=0x00007fb94b80c000 nid=0x3103 runnable 

"GC task thread#8 (ParallelGC)" os_prio=31 tid=0x00007fb94a003000 nid=0x4e03 runnable 

"GC task thread#9 (ParallelGC)" os_prio=31 tid=0x00007fb94c001800 nid=0x4d03 runnable 

"VM Periodic Task Thread" os_prio=31 tid=0x00007fb94d015000 nid=0xa903 waiting on condition 

JNI global references: 420

